
=== Fri Apr 18 14:47:21 2025

Packages were changed.
Update Mode: mergeDefaultDependencies

The following packages were added:
  com.unity.modules.accessibility@1.0.0
  com.unity.multiplayer.center@1.0.0
The following packages were updated:
  com.unity.ide.rider from version 3.0.31 to 3.0.35
  com.unity.ide.visualstudio from version 2.0.22 to 2.0.23
  com.unity.inputsystem from version 1.12.0 to 1.14.0
  com.unity.learn.iet-framework from version 4.0.2 to 4.0.4
  com.unity.memoryprofiler from version 1.1.1 to 1.1.6
  com.unity.recorder from version 5.1.1 to 5.1.2
  com.unity.render-pipelines.universal from version 17.0.3 to 17.0.4
  com.unity.splines from version 2.6.1 to 2.8.0
  com.unity.test-framework from version 1.4.5 to 1.5.1
  com.unity.visualeffectgraph from version 17.0.3 to 17.0.4

=== Sat Apr 26 07:39:39 2025

Packages were changed.
Update Mode: updateDependencies

The following packages were updated:
  com.unity.ide.rider from version 3.0.35 to 3.0.36
  com.unity.learn.iet-framework from version 4.0.4 to 4.1.3
  com.unity.multiplayer.playmode from version 1.3.3 to 1.4.2
  com.unity.render-pipelines.high-definition from version 17.0.4 to 17.1.0
  com.unity.render-pipelines.universal from version 17.0.4 to 17.1.0
  com.unity.services.cloud-build from version 1.0.5 to 2.0.3
  com.unity.visualeffectgraph from version 17.0.4 to 17.1.0

=== Sun Jul 13 17:51:01 2025

Packages were changed.
Update Mode: resetToDefaultDependencies

The following packages were added:
  com.unity.modules.ai@1.0.0
  com.unity.modules.androidjni@1.0.0
  com.unity.modules.animation@1.0.0
  com.unity.modules.assetbundle@1.0.0
  com.unity.modules.audio@1.0.0
  com.unity.modules.cloth@1.0.0
  com.unity.modules.director@1.0.0
  com.unity.modules.imageconversion@1.0.0
  com.unity.modules.imgui@1.0.0
  com.unity.modules.jsonserialize@1.0.0
  com.unity.modules.particlesystem@1.0.0
  com.unity.modules.physics@1.0.0
  com.unity.modules.physics2d@1.0.0
  com.unity.modules.screencapture@1.0.0
  com.unity.modules.terrain@1.0.0
  com.unity.modules.terrainphysics@1.0.0
  com.unity.modules.tilemap@1.0.0
  com.unity.modules.ui@1.0.0
  com.unity.modules.uielements@1.0.0
  com.unity.modules.umbra@1.0.0
  com.unity.modules.unityanalytics@1.0.0
  com.unity.modules.unitywebrequest@1.0.0
  com.unity.modules.unitywebrequestassetbundle@1.0.0
  com.unity.modules.unitywebrequestaudio@1.0.0
  com.unity.modules.unitywebrequesttexture@1.0.0
  com.unity.modules.unitywebrequestwww@1.0.0
  com.unity.modules.vehicles@1.0.0
  com.unity.modules.video@1.0.0
  com.unity.modules.vr@1.0.0
  com.unity.modules.wind@1.0.0
  com.unity.modules.xr@1.0.0
  com.unity.modules.accessibility@1.0.0
  com.unity.multiplayer.center@1.0.0
